[19:37:13] [main/INFO]: Setting user: ForgeDevName
[19:37:15] [Client thread/INFO]: LWJGL Version: 2.9.1
[19:37:26] [Client thread/INFO]: Reloading ResourceManager: Default, FMLFileResourcePack:Forge Mod Loader, FMLFileResourcePack:Minecraft Forge, FMLFileResourcePack:Jar Craft
[19:37:28] [Sound Library Loader/INFO]: Sound engine started
[19:37:28] [Client thread/INFO]: Created: 512x256 textures/blocks-atlas
[19:37:28] [Client thread/INFO]: Created: 256x256 textures/items-atlas
[19:37:28] [Client thread/INFO]: Reloading ResourceManager: Default, FMLFileResourcePack:Forge Mod Loader, FMLFileResourcePack:Minecraft Forge, FMLFileResourcePack:Jar Craft
[19:37:29] [Client thread/INFO]: Created: 256x256 textures/items-atlas
[19:37:29] [Client thread/INFO]: Created: 512x256 textures/blocks-atlas
[19:37:30] [Sound Library Loader/INFO]: Sound engine started
[19:37:35] [Client thread/WARN]: Unable to play unknown soundEvent: minecraft:gui.button.press
[19:37:35] [Client thread/WARN]: Unable to play unknown soundEvent: minecraft:music.menu
[19:37:36] [Client thread/WARN]: Unable to play unknown soundEvent: minecraft:gui.button.press
[19:37:37] [Client thread/WARN]: Unable to play unknown soundEvent: minecraft:gui.button.press
[19:37:38] [Client thread/WARN]: Unable to play unknown soundEvent: minecraft:gui.button.press
[19:37:38] [Client thread/WARN]: Unable to play unknown soundEvent: minecraft:gui.button.press
[19:37:38] [Client thread/INFO]: Deleting level Test2
[19:37:38] [Client thread/INFO]: Attempt 1...
[19:37:39] [Client thread/WARN]: Unable to play unknown soundEvent: minecraft:gui.button.press
[19:37:39] [Client thread/WARN]: Unable to play unknown soundEvent: minecraft:gui.button.press
[19:37:39] [Client thread/INFO]: Deleting level Test
[19:37:39] [Client thread/INFO]: Attempt 1...
[19:37:40] [Client thread/WARN]: Unable to play unknown soundEvent: minecraft:gui.button.press
[19:37:42] [Client thread/WARN]: Unable to play unknown soundEvent: minecraft:gui.button.press
[19:37:43] [Client thread/WARN]: Unable to play unknown soundEvent: minecraft:gui.button.press
[19:37:43] [Client thread/WARN]: Unable to play unknown soundEvent: minecraft:gui.button.press
[19:37:44] [Server thread/INFO]: Starting integrated minecraft server version 1.7.10
[19:37:44] [Server thread/INFO]: Generating keypair
[19:37:44] [Server thread/INFO]: Converting map!
[19:37:44] [Server thread/INFO]: Scanning folders...
[19:37:44] [Server thread/INFO]: Total conversion count is 0
[19:37:46] [Server thread/INFO]: Preparing start region for level 0
[19:37:47] [Server thread/INFO]: Preparing spawn area: 4%
[19:37:48] [Server thread/INFO]: Preparing spawn area: 8%
[19:37:49] [Server thread/INFO]: Preparing spawn area: 12%
[19:37:50] [Server thread/INFO]: Preparing spawn area: 21%
[19:37:51] [Server thread/INFO]: Preparing spawn area: 32%
[19:37:52] [Server thread/INFO]: Preparing spawn area: 42%
[19:37:53] [Server thread/INFO]: Preparing spawn area: 51%
[19:37:54] [Server thread/INFO]: Preparing spawn area: 61%
[19:37:55] [Server thread/INFO]: Preparing spawn area: 68%
[19:37:56] [Server thread/INFO]: Preparing spawn area: 77%
[19:37:57] [Server thread/INFO]: Preparing spawn area: 84%
[19:37:58] [Server thread/INFO]: Preparing spawn area: 94%
[19:37:58] [Server thread/INFO]: Changing view distance to 12, from 10
[19:38:00] [Server thread/INFO]: ForgeDevName[local:E:0a033739] logged in with entity id 235 at (-133.5, 63.0, 246.5)
[19:38:00] [Server thread/INFO]: ForgeDevName joined the game
[19:38:02] [Client thread/WARN]: Unable to play unknown soundEvent: minecraft:random.door_close
[19:38:02] [Client thread/WARN]: Unable to play unknown soundEvent: minecraft:mob.bat.takeoff
[19:38:02] [Client thread/WARN]: Unable to play unknown soundEvent: minecraft:mob.bat.takeoff
[19:38:04] [Server thread/WARN]: Can't keep up! Did the system time change, or is the server overloaded? Running 2374ms behind, skipping 47 tick(s)
[19:38:05] [Client thread/WARN]: Unable to play unknown soundEvent: minecraft:random.door_close
[19:38:05] [Client thread/INFO]: Warning: Clientside chunk ticking took 355 ms
[19:38:06] [Client thread/INFO]: Warning: Clientside chunk ticking took 164 ms
[19:38:06] [Client thread/INFO]: Warning: Clientside chunk ticking took 296 ms
[19:38:06] [Client thread/INFO]: Warning: Clientside chunk ticking took 502 ms
[19:38:06] [Client thread/WARN]: Unable to play unknown soundEvent: minecraft:random.door_close
[19:38:06] [Client thread/WARN]: Unable to play unknown soundEvent: minecraft:random.door_open
[19:38:07] [Client thread/INFO]: Warning: Clientside chunk ticking took 362 ms
[19:38:07] [Client thread/WARN]: Unable to play unknown soundEvent: minecraft:random.door_open
[19:38:07] [Client thread/INFO]: Warning: Clientside chunk ticking took 295 ms
[19:38:08] [Client thread/WARN]: Unable to play unknown soundEvent: minecraft:random.door_open
[19:38:08] [Client thread/INFO]: Warning: Clientside chunk ticking took 265 ms
[19:38:08] [Client thread/INFO]: Warning: Clientside chunk ticking took 104 ms
[19:38:08] [Client thread/INFO]: Warning: Clientside chunk ticking took 249 ms
[19:38:09] [Client thread/INFO]: Warning: Clientside chunk ticking took 114 ms
[19:38:09] [Client thread/INFO]: Warning: Clientside chunk ticking took 111 ms
[19:38:09] [Client thread/INFO]: Warning: Clientside chunk ticking took 170 ms
[19:38:10] [Client thread/INFO]: Warning: Clientside chunk ticking took 213 ms
[19:38:12] [Client thread/INFO]: Warning: Clientside chunk ticking took 117 ms
[19:38:12] [Client thread/INFO]: Warning: Clientside chunk ticking took 108 ms
[19:38:13] [Client thread/INFO]: Warning: Clientside chunk ticking took 146 ms
[19:38:13] [Client thread/INFO]: Warning: Clientside chunk ticking took 159 ms
[19:38:13] [Client thread/INFO]: Warning: Clientside chunk ticking took 127 ms
[19:38:14] [Client thread/INFO]: Warning: Clientside chunk ticking took 223 ms
[19:38:14] [Client thread/INFO]: Warning: Clientside chunk ticking took 133 ms
[19:38:16] [Client thread/INFO]: Warning: Clientside chunk ticking took 140 ms
[19:38:18] [Client thread/WARN]: Unable to play unknown soundEvent: minecraft:step.grass
[19:38:22] [Client thread/WARN]: Unable to play unknown soundEvent: minecraft:mob.villager.idle
[19:38:23] [Client thread/WARN]: Unable to play unknown soundEvent: minecraft:mob.villager.idle
[19:38:23] [Client thread/WARN]: Unable to play unknown soundEvent: minecraft:step.grass
[19:38:25] [Client thread/WARN]: Unable to play unknown soundEvent: minecraft:step.wood
[19:38:25] [Client thread/WARN]: Unable to play unknown soundEvent: minecraft:step.stone
[19:38:25] [Client thread/WARN]: Unable to play unknown soundEvent: minecraft:random.door_close
[19:38:26] [Client thread/WARN]: Unable to play unknown soundEvent: minecraft:mob.villager.idle
[19:38:26] [Client thread/WARN]: Unable to play unknown soundEvent: minecraft:step.gravel
[19:38:26] [Client thread/WARN]: Unable to play unknown soundEvent: minecraft:step.stone
[19:38:26] [Client thread/WARN]: Unable to play unknown soundEvent: minecraft:step.stone
[19:38:26] [Client thread/WARN]: Unable to play unknown soundEvent: minecraft:random.door_close
[19:38:26] [Client thread/WARN]: Unable to play unknown soundEvent: minecraft:step.stone
[19:38:26] [Client thread/WARN]: Unable to play unknown soundEvent: minecraft:random.door_close
[19:38:27] [Client thread/WARN]: Unable to play unknown soundEvent: minecraft:mob.villager.idle
[19:38:27] [Client thread/WARN]: Unable to play unknown soundEvent: minecraft:step.stone
[19:38:27] [Client thread/WARN]: Unable to play unknown soundEvent: minecraft:random.door_open
[19:38:27] [Client thread/WARN]: Unable to play unknown soundEvent: minecraft:step.gravel
[19:38:27] [Client thread/WARN]: Unable to play unknown soundEvent: minecraft:step.stone
[19:38:28] [Client thread/WARN]: Unable to play unknown soundEvent: minecraft:step.gravel
[19:38:28] [Client thread/WARN]: Unable to play unknown soundEvent: minecraft:step.stone
[19:38:28] [Client thread/WARN]: Unable to play unknown soundEvent: minecraft:step.stone
[19:38:28] [Client thread/WARN]: Unable to play unknown soundEvent: minecraft:liquid.lava
[19:38:28] [Client thread/WARN]: Unable to play unknown soundEvent: minecraft:mob.villager.idle
[19:38:29] [Client thread/WARN]: Unable to play unknown soundEvent: minecraft:step.stone
[19:38:29] [Client thread/WARN]: Unable to play unknown soundEvent: minecraft:step.gravel
[19:38:29] [Client thread/WARN]: Unable to play unknown soundEvent: minecraft:mob.villager.idle
[19:38:29] [Client thread/WARN]: Unable to play unknown soundEvent: minecraft:random.chestopen
[19:38:31] [Client thread/WARN]: Unable to play unknown soundEvent: minecraft:mob.villager.idle
[19:38:32] [Client thread/WARN]: Unable to play unknown soundEvent: minecraft:random.chestclosed
[19:38:32] [Client thread/WARN]: Unable to play unknown soundEvent: minecraft:step.stone
[19:38:32] [Client thread/WARN]: Unable to play unknown soundEvent: minecraft:random.door_close
[19:38:32] [Client thread/WARN]: Unable to play unknown soundEvent: minecraft:step.stone
[19:38:33] [Client thread/WARN]: Unable to play unknown soundEvent: minecraft:step.stone
[19:38:33] [Client thread/WARN]: Unable to play unknown soundEvent: minecraft:random.door_close
[19:38:34] [Client thread/WARN]: Unable to play unknown soundEvent: minecraft:mob.villager.idle
[19:38:34] [Client thread/WARN]: Unable to play unknown soundEvent: minecraft:random.door_close
[19:38:34] [Client thread/WARN]: Unable to play unknown soundEvent: minecraft:music.game.creative
[19:38:34] [Client thread/WARN]: Unable to play unknown soundEvent: minecraft:mob.villager.idle
[19:38:35] [Client thread/WARN]: Unable to play unknown soundEvent: minecraft:step.gravel
[19:38:35] [Client thread/WARN]: Unable to play unknown soundEvent: minecraft:step.gravel
[19:38:35] [Client thread/WARN]: Unable to play unknown soundEvent: minecraft:random.door_open
[19:38:35] [Client thread/WARN]: Unable to play unknown soundEvent: minecraft:step.wood
[19:38:36] [Server thread/INFO]: ForgeDevName has just earned the achievement [Taking Inventory]
[19:38:36] [Client thread/INFO]: [CHAT] ForgeDevName has just earned the achievement [Taking Inventory]
[19:38:36] [Client thread/WARN]: Unable to play unknown soundEvent: minecraft:step.gravel
[19:38:36] [Client thread/WARN]: Unable to play unknown soundEvent: minecraft:step.gravel
[19:38:36] [Client thread/WARN]: Unable to play unknown soundEvent: minecraft:mob.villager.idle
[19:38:36] [Client thread/WARN]: Unable to play unknown soundEvent: minecraft:step.gravel
[19:38:36] [Client thread/WARN]: Unable to play unknown soundEvent: minecraft:step.gravel
[19:38:37] [Client thread/WARN]: Unable to play unknown soundEvent: minecraft:step.gravel
[19:38:37] [Client thread/WARN]: Unable to play unknown soundEvent: minecraft:mob.cow.say
[19:38:37] [Client thread/WARN]: Unable to play unknown soundEvent: minecraft:step.gravel
[19:38:38] [Client thread/WARN]: Unable to play unknown soundEvent: minecraft:mob.villager.idle
[19:38:38] [Client thread/WARN]: Unable to play unknown soundEvent: minecraft:step.grass
[19:38:38] [Client thread/WARN]: Unable to play unknown soundEvent: minecraft:step.grass
[19:38:39] [Client thread/WARN]: Unable to play unknown soundEvent: minecraft:step.grass
[19:38:39] [Client thread/WARN]: Unable to play unknown soundEvent: minecraft:step.grass
[19:38:39] [Client thread/WARN]: Unable to play unknown soundEvent: minecraft:mob.cow.say
[19:38:40] [Client thread/WARN]: Unable to play unknown soundEvent: minecraft:step.gravel
[19:38:41] [Client thread/WARN]: Unable to play unknown soundEvent: minecraft:step.grass
[19:38:42] [Client thread/WARN]: Unable to play unknown soundEvent: minecraft:mob.cow.step
[19:38:43] [Client thread/WARN]: Unable to play unknown soundEvent: minecraft:mob.cow.step
[19:38:43] [Client thread/WARN]: Unable to play unknown soundEvent: minecraft:mob.cow.say
[19:38:44] [Client thread/WARN]: Unable to play unknown soundEvent: minecraft:mob.villager.idle
[19:38:45] [Client thread/WARN]: Unable to play unknown soundEvent: minecraft:mob.villager.idle
[19:38:49] [Client thread/WARN]: Unable to play unknown soundEvent: minecraft:random.door_close
[19:38:50] [Server thread/INFO]: <ForgeDevName> name
[19:38:50] [Client thread/INFO]: [CHAT] <ForgeDevName> name
[19:38:50] [Client thread/WARN]: Unable to play unknown soundEvent: minecraft:step.gravel
[19:38:50] [Client thread/WARN]: Unable to play unknown soundEvent: minecraft:random.door_close
[19:38:50] [Client thread/WARN]: Unable to play unknown soundEvent: minecraft:step.gravel
[19:38:52] [Client thread/WARN]: Unable to play unknown soundEvent: minecraft:mob.bat.takeoff
[19:38:52] [Client thread/WARN]: Unable to play unknown soundEvent: minecraft:mob.bat.takeoff
[19:38:52] [Client thread/WARN]: Unable to play unknown soundEvent: minecraft:mob.bat.takeoff
[19:38:52] [Client thread/WARN]: Unable to play unknown soundEvent: minecraft:mob.bat.takeoff
[19:38:57] [Client thread/WARN]: Unable to play unknown soundEvent: minecraft:random.door_close
[19:38:58] [Client thread/WARN]: Unable to play unknown soundEvent: minecraft:step.gravel
[19:38:58] [Client thread/WARN]: Unable to play unknown soundEvent: minecraft:random.door_close
[19:38:58] [Client thread/WARN]: Unable to play unknown soundEvent: minecraft:step.gravel
[19:38:59] [Client thread/WARN]: Unable to play unknown soundEvent: minecraft:random.door_close
[19:38:59] [Client thread/WARN]: Unable to play unknown soundEvent: minecraft:step.gravel
[19:39:00] [Client thread/WARN]: Unable to play unknown soundEvent: minecraft:step.stone
[19:39:00] [Client thread/WARN]: Unable to play unknown soundEvent: minecraft:random.door_close
[19:39:00] [Client thread/WARN]: Unable to play unknown soundEvent: minecraft:step.grass
[19:39:00] [Client thread/WARN]: Unable to play unknown soundEvent: minecraft:step.grass
[19:39:01] [Client thread/WARN]: Unable to play unknown soundEvent: minecraft:step.gravel
[19:39:01] [Client thread/WARN]: Unable to play unknown soundEvent: minecraft:mob.villager.idle
[19:39:06] [Client thread/WARN]: Unable to play unknown soundEvent: minecraft:step.wood
[19:39:06] [Client thread/WARN]: Unable to play unknown soundEvent: minecraft:mob.villager.idle
[19:39:07] [Client thread/WARN]: Unable to play unknown soundEvent: minecraft:step.grass
[19:39:07] [Client thread/WARN]: Unable to play unknown soundEvent: minecraft:mob.villager.idle
[19:39:08] [Client thread/WARN]: Unable to play unknown soundEvent: minecraft:mob.villager.idle
[19:39:08] [Client thread/WARN]: Unable to play unknown soundEvent: minecraft:step.grass
[19:39:08] [Client thread/WARN]: Unable to play unknown soundEvent: minecraft:step.grass
[19:39:08] [Client thread/WARN]: Unable to play unknown soundEvent: minecraft:step.grass
[19:39:09] [Client thread/WARN]: Unable to play unknown soundEvent: minecraft:step.grass
[19:39:09] [Client thread/WARN]: Unable to play unknown soundEvent: minecraft:step.grass
[19:39:09] [Client thread/WARN]: Unable to play unknown soundEvent: minecraft:step.grass
[19:39:09] [Client thread/WARN]: Unable to play unknown soundEvent: minecraft:step.grass
[19:39:09] [Client thread/WARN]: Unable to play unknown soundEvent: minecraft:step.wood
[19:39:09] [Client thread/WARN]: Unable to play unknown soundEvent: minecraft:step.gravel
[19:39:09] [Client thread/WARN]: Unable to play unknown soundEvent: minecraft:mob.villager.idle
[19:39:09] [Client thread/WARN]: Unable to play unknown soundEvent: minecraft:step.grass
[19:39:10] [Client thread/WARN]: Unable to play unknown soundEvent: minecraft:random.door_open
[19:39:10] [Client thread/WARN]: Unable to play unknown soundEvent: minecraft:step.wood
[19:39:10] [Client thread/WARN]: Unable to play unknown soundEvent: minecraft:step.stone
[19:39:10] [Client thread/WARN]: Unable to play unknown soundEvent: minecraft:step.wood
[19:39:10] [Client thread/WARN]: Unable to play unknown soundEvent: minecraft:random.door_open
[19:39:10] [Client thread/WARN]: Unable to play unknown soundEvent: minecraft:step.gravel
[19:39:11] [Client thread/WARN]: Unable to play unknown soundEvent: minecraft:random.door_open
[19:39:11] [Client thread/WARN]: Unable to play unknown soundEvent: minecraft:step.stone
[19:39:11] [Client thread/WARN]: Unable to play unknown soundEvent: minecraft:step.stone
[19:39:11] [Client thread/WARN]: Unable to play unknown soundEvent: minecraft:step.gravel
[19:39:11] [Client thread/WARN]: Unable to play unknown soundEvent: minecraft:step.gravel
[19:39:11] [Client thread/WARN]: Unable to play unknown soundEvent: minecraft:step.gravel
[19:39:12] [Client thread/WARN]: Unable to play unknown soundEvent: minecraft:mob.villager.idle
[19:39:12] [Client thread/WARN]: Unable to play unknown soundEvent: minecraft:random.door_close
[19:39:12] [Client thread/WARN]: Unable to play unknown soundEvent: minecraft:random.door_close
[19:39:12] [Client thread/WARN]: Unable to play unknown soundEvent: minecraft:step.gravel
[19:39:12] [Client thread/WARN]: Unable to play unknown soundEvent: minecraft:step.stone
[19:39:12] [Client thread/WARN]: Unable to play unknown soundEvent: minecraft:step.stone
[19:39:12] [Client thread/WARN]: Unable to play unknown soundEvent: minecraft:step.gravel
[19:39:13] [Client thread/WARN]: Unable to play unknown soundEvent: minecraft:step.wood
[19:39:13] [Client thread/WARN]: Unable to play unknown soundEvent: minecraft:random.door_close
[19:39:13] [Client thread/WARN]: Unable to play unknown soundEvent: minecraft:mob.villager.idle
[19:39:13] [Client thread/WARN]: Unable to play unknown soundEvent: minecraft:step.wood
[19:39:13] [Client thread/WARN]: Unable to play unknown soundEvent: minecraft:mob.villager.idle
[19:39:13] [Client thread/WARN]: Unable to play unknown soundEvent: minecraft:mob.villager.idle
[19:39:13] [Client thread/WARN]: Unable to play unknown soundEvent: minecraft:step.wood
[19:39:14] [Client thread/WARN]: Unable to play unknown soundEvent: minecraft:mob.bat.takeoff
[19:39:14] [Client thread/WARN]: Unable to play unknown soundEvent: minecraft:random.door_open
[19:39:14] [Client thread/WARN]: Unable to play unknown soundEvent: minecraft:step.stone
[19:39:14] [Client thread/WARN]: Unable to play unknown soundEvent: minecraft:step.stone
[19:39:14] [Client thread/WARN]: Unable to play unknown soundEvent: minecraft:step.gravel
[19:39:15] [Client thread/WARN]: Unable to play unknown soundEvent: minecraft:mob.villager.idle
[19:39:15] [Client thread/WARN]: Unable to play unknown soundEvent: minecraft:random.door_close
[19:39:15] [Client thread/WARN]: Unable to play unknown soundEvent: minecraft:step.gravel
[19:39:15] [Client thread/WARN]: Unable to play unknown soundEvent: minecraft:mob.villager.idle
[19:39:15] [Client thread/WARN]: Unable to play unknown soundEvent: minecraft:step.gravel
[19:39:16] [Client thread/WARN]: Unable to play unknown soundEvent: minecraft:step.gravel
[19:39:16] [Client thread/WARN]: Unable to play unknown soundEvent: minecraft:mob.cow.say
[19:39:16] [Client thread/WARN]: Unable to play unknown soundEvent: minecraft:step.gravel
[19:39:16] [Client thread/WARN]: Unable to play unknown soundEvent: minecraft:step.gravel
[19:39:17] [Client thread/WARN]: Unable to play unknown soundEvent: minecraft:mob.cow.say
[19:39:17] [Client thread/WARN]: Unable to play unknown soundEvent: minecraft:mob.cow.say
[19:39:19] [Server thread/INFO]: Saving and pausing game...
[19:39:19] [Server thread/INFO]: Saving chunks for level 'Test'/Overworld
[19:39:19] [Server thread/INFO]: Saving chunks for level 'Test'/Nether
[19:39:19] [Server thread/INFO]: Saving chunks for level 'Test'/The End
[19:39:20] [Client thread/WARN]: Unable to play unknown soundEvent: minecraft:gui.button.press
[19:39:20] [Server thread/INFO]: Stopping server
[19:39:20] [Server thread/INFO]: Saving players
[19:39:20] [Server thread/INFO]: Saving worlds
[19:39:20] [Server thread/INFO]: Saving chunks for level 'Test'/Overworld
[19:39:20] [Server thread/INFO]: Saving chunks for level 'Test'/Nether
[19:39:20] [Server thread/INFO]: Saving chunks for level 'Test'/The End
[19:39:22] [Client thread/WARN]: Unable to play unknown soundEvent: minecraft:gui.button.press
[19:39:23] [Client thread/WARN]: Unable to play unknown soundEvent: minecraft:gui.button.press
[19:39:24] [Client thread/WARN]: Unable to play unknown soundEvent: minecraft:gui.button.press
[19:39:24] [Client thread/WARN]: Unable to play unknown soundEvent: minecraft:gui.button.press
[19:39:24] [Client thread/WARN]: Unable to play unknown soundEvent: minecraft:gui.button.press
[19:39:25] [Client thread/WARN]: Unable to play unknown soundEvent: minecraft:gui.button.press
[19:39:25] [Client thread/WARN]: Unable to play unknown soundEvent: minecraft:gui.button.press
[19:39:26] [Server thread/INFO]: Starting integrated minecraft server version 1.7.10
[19:39:26] [Server thread/INFO]: Generating keypair
[19:39:26] [Server thread/INFO]: Converting map!
[19:39:26] [Server thread/INFO]: Scanning folders...
[19:39:26] [Server thread/INFO]: Total conversion count is 0
[19:39:27] [Server thread/INFO]: Preparing start region for level 0
[19:39:28] [Server thread/INFO]: Changing view distance to 12, from 10
[19:39:28] [Server thread/INFO]: ForgeDevName[local:E:8e61cac8] logged in with entity id 8584 at (1724.5, 4.0, 273.5)
[19:39:28] [Server thread/INFO]: ForgeDevName joined the game
[19:39:35] [Client thread/WARN]: Unable to play unknown soundEvent: minecraft:random.door_open
[19:39:36] [Client thread/WARN]: Unable to play unknown soundEvent: minecraft:random.door_open
[19:39:42] [Client thread/WARN]: Unable to play unknown soundEvent: minecraft:step.grass
[19:39:42] [Client thread/WARN]: Unable to play unknown soundEvent: minecraft:step.grass
[19:39:42] [Client thread/WARN]: Unable to play unknown soundEvent: minecraft:step.grass
[19:39:42] [Client thread/WARN]: Unable to play unknown soundEvent: minecraft:step.grass
[19:39:42] [Client thread/WARN]: Unable to play unknown soundEvent: minecraft:step.wood
[19:39:42] [Client thread/WARN]: Unable to play unknown soundEvent: minecraft:step.grass
[19:39:43] [Client thread/WARN]: Unable to play unknown soundEvent: minecraft:step.wood
[19:39:43] [Client thread/WARN]: Unable to play unknown soundEvent: minecraft:step.stone
[19:39:43] [Client thread/WARN]: Unable to play unknown soundEvent: minecraft:step.wood
[19:39:43] [Client thread/WARN]: Unable to play unknown soundEvent: minecraft:step.wood
[19:39:44] [Client thread/WARN]: Unable to play unknown soundEvent: minecraft:step.gravel
[19:39:44] [Client thread/WARN]: Unable to play unknown soundEvent: minecraft:step.gravel
[19:39:44] [Client thread/WARN]: Unable to play unknown soundEvent: minecraft:step.gravel
[19:39:44] [Client thread/WARN]: Unable to play unknown soundEvent: minecraft:mob.villager.idle
[19:39:44] [Client thread/WARN]: Unable to play unknown soundEvent: minecraft:step.wood
[19:39:44] [Client thread/WARN]: Unable to play unknown soundEvent: minecraft:step.gravel
[19:39:44] [Client thread/WARN]: Unable to play unknown soundEvent: minecraft:step.grass
[19:39:44] [Client thread/WARN]: Unable to play unknown soundEvent: minecraft:step.wood
[19:39:44] [Client thread/WARN]: Unable to play unknown soundEvent: minecraft:random.door_close
[19:39:44] [Client thread/WARN]: Unable to play unknown soundEvent: minecraft:step.wood
[19:39:45] [Client thread/WARN]: Unable to play unknown soundEvent: minecraft:step.grass
[19:39:45] [Client thread/WARN]: Unable to play unknown soundEvent: minecraft:step.grass
[19:39:45] [Client thread/WARN]: Unable to play unknown soundEvent: minecraft:step.grass
[19:39:45] [Client thread/WARN]: Unable to play unknown soundEvent: minecraft:mob.villager.idle
[19:39:45] [Client thread/WARN]: Unable to play unknown soundEvent: minecraft:mob.villager.idle
[19:39:45] [Client thread/WARN]: Unable to play unknown soundEvent: minecraft:step.grass
[19:39:45] [Client thread/WARN]: Unable to play unknown soundEvent: minecraft:step.grass
[19:39:45] [Client thread/WARN]: Unable to play unknown soundEvent: minecraft:step.grass
[19:39:45] [Client thread/WARN]: Unable to play unknown soundEvent: minecraft:mob.villager.hit
[19:39:45] [Client thread/WARN]: Unable to play unknown soundEvent: minecraft:mob.villager.idle
[19:39:45] [Client thread/WARN]: Unable to play unknown soundEvent: minecraft:step.grass
[19:39:46] [Client thread/WARN]: Unable to play unknown soundEvent: minecraft:random.door_open
[19:39:46] [Client thread/WARN]: Unable to play unknown soundEvent: minecraft:step.wood
[19:39:46] [Client thread/WARN]: Unable to play unknown soundEvent: minecraft:dig.gravel
[19:39:46] [Client thread/WARN]: Unable to play unknown soundEvent: minecraft:step.grass
[19:39:46] [Client thread/WARN]: Unable to play unknown soundEvent: minecraft:mob.villager.hit
[19:39:46] [Client thread/WARN]: Unable to play unknown soundEvent: minecraft:step.grass
[19:39:46] [Client thread/WARN]: Unable to play unknown soundEvent: minecraft:dig.wood
[19:39:47] [Client thread/WARN]: Unable to play unknown soundEvent: minecraft:step.grass
[19:39:47] [Client thread/WARN]: Unable to play unknown soundEvent: minecraft:step.grass
[19:39:47] [Client thread/WARN]: Unable to play unknown soundEvent: minecraft:step.grass
[19:39:48] [Client thread/WARN]: Unable to play unknown soundEvent: minecraft:step.grass
[19:39:48] [Client thread/WARN]: Unable to play unknown soundEvent: minecraft:step.grass
[19:39:48] [Client thread/WARN]: Unable to play unknown soundEvent: minecraft:random.door_close
[19:39:48] [Client thread/WARN]: Unable to play unknown soundEvent: minecraft:dig.gravel
[19:39:49] [Client thread/WARN]: Unable to play unknown soundEvent: minecraft:step.grass
[19:39:49] [Client thread/WARN]: Unable to play unknown soundEvent: minecraft:step.stone
[19:39:49] [Client thread/WARN]: Unable to play unknown soundEvent: minecraft:mob.villager.idle
[19:39:49] [Client thread/WARN]: Unable to play unknown soundEvent: minecraft:mob.villager.idle
[19:39:49] [Client thread/WARN]: Unable to play unknown soundEvent: minecraft:step.grass
[19:39:49] [Client thread/WARN]: Unable to play unknown soundEvent: minecraft:step.gravel
[19:39:49] [Client thread/WARN]: Unable to play unknown soundEvent: minecraft:random.door_close
[19:39:49] [Client thread/WARN]: Unable to play unknown soundEvent: minecraft:dig.wood
[19:39:49] [Client thread/WARN]: Unable to play unknown soundEvent: minecraft:step.gravel
[19:39:50] [Client thread/WARN]: Unable to play unknown soundEvent: minecraft:step.gravel
[19:39:50] [Client thread/WARN]: Unable to play unknown soundEvent: minecraft:mob.villager.idle
[19:39:50] [Client thread/WARN]: Unable to play unknown soundEvent: minecraft:step.gravel
[19:39:50] [Client thread/WARN]: Unable to play unknown soundEvent: minecraft:dig.grass
[19:39:50] [Client thread/WARN]: Unable to play unknown soundEvent: minecraft:mob.villager.idle
[19:39:50] [Server thread/INFO]: ForgeDevName has just earned the achievement [Taking Inventory]
[19:39:50] [Client thread/INFO]: [CHAT] ForgeDevName has just earned the achievement [Taking Inventory]
[19:39:50] [Client thread/WARN]: Unable to play unknown soundEvent: minecraft:step.gravel
[19:39:50] [Client thread/WARN]: Unable to play unknown soundEvent: minecraft:step.wood
[19:39:51] [Client thread/WARN]: Unable to play unknown soundEvent: minecraft:mob.villager.idle
[19:39:51] [Client thread/WARN]: Unable to play unknown soundEvent: minecraft:step.gravel
[19:39:51] [Client thread/WARN]: Unable to play unknown soundEvent: minecraft:step.gravel
[19:39:51] [Client thread/WARN]: Unable to play unknown soundEvent: minecraft:mob.villager.idle
[19:39:51] [Client thread/WARN]: Unable to play unknown soundEvent: minecraft:step.gravel
[19:39:52] [Client thread/WARN]: Unable to play unknown soundEvent: minecraft:random.door_close
[19:39:52] [Client thread/WARN]: Unable to play unknown soundEvent: minecraft:step.stone
[19:39:52] [Client thread/WARN]: Unable to play unknown soundEvent: minecraft:step.wood
[19:39:53] [Client thread/WARN]: Unable to play unknown soundEvent: minecraft:random.door_open
[19:39:53] [Client thread/WARN]: Unable to play unknown soundEvent: minecraft:random.door_close
[19:39:53] [Client thread/WARN]: Unable to play unknown soundEvent: minecraft:step.stone
[19:39:54] [Client thread/WARN]: Unable to play unknown soundEvent: minecraft:random.door_open
[19:39:54] [Client thread/WARN]: Unable to play unknown soundEvent: minecraft:mob.villager.idle
[19:39:54] [Client thread/WARN]: Unable to play unknown soundEvent: minecraft:step.wood
[19:39:54] [Client thread/WARN]: Unable to play unknown soundEvent: minecraft:step.stone
[19:39:54] [Client thread/WARN]: Unable to play unknown soundEvent: minecraft:step.stone
[19:39:54] [Client thread/WARN]: Unable to play unknown soundEvent: minecraft:random.door_close
[19:39:54] [Client thread/WARN]: Unable to play unknown soundEvent: minecraft:step.wood
[19:39:54] [Client thread/WARN]: Unable to play unknown soundEvent: minecraft:random.door_open
[19:39:54] [Client thread/WARN]: Unable to play unknown soundEvent: minecraft:step.wood
[19:39:54] [Client thread/WARN]: Unable to play unknown soundEvent: minecraft:random.door_open
[19:39:54] [Client thread/WARN]: Unable to play unknown soundEvent: minecraft:mob.villager.idle
[19:39:54] [Client thread/WARN]: Unable to play unknown soundEvent: minecraft:step.stone
[19:39:55] [Client thread/WARN]: Unable to play unknown soundEvent: minecraft:random.door_close
[19:39:55] [Client thread/WARN]: Unable to play unknown soundEvent: minecraft:mob.villager.idle
[19:39:55] [Client thread/WARN]: Unable to play unknown soundEvent: minecraft:random.door_open
[19:39:55] [Client thread/WARN]: Unable to play unknown soundEvent: minecraft:random.door_open
[19:39:55] [Client thread/WARN]: Unable to play unknown soundEvent: minecraft:step.stone
[19:39:56] [Client thread/WARN]: Unable to play unknown soundEvent: minecraft:step.stone
[19:39:56] [Client thread/WARN]: Unable to play unknown soundEvent: minecraft:step.stone
[19:39:56] [Client thread/WARN]: Unable to play unknown soundEvent: minecraft:random.door_close
[19:39:56] [Client thread/WARN]: Unable to play unknown soundEvent: minecraft:random.door_close
[19:39:56] [Client thread/WARN]: Unable to play unknown soundEvent: minecraft:step.stone
[19:39:56] [Client thread/WARN]: Unable to play unknown soundEvent: minecraft:step.stone
[19:39:56] [Client thread/WARN]: Unable to play unknown soundEvent: minecraft:mob.villager.idle
[19:39:57] [Client thread/WARN]: Unable to play unknown soundEvent: minecraft:step.stone
[19:39:57] [Client thread/WARN]: Unable to play unknown soundEvent: minecraft:mob.villager.idle
[19:39:57] [Client thread/WARN]: Unable to play unknown soundEvent: minecraft:mob.villager.idle
[19:39:58] [Client thread/WARN]: Unable to play unknown soundEvent: minecraft:mob.slime.big
[19:39:58] [Client thread/WARN]: Unable to play unknown soundEvent: minecraft:step.wood
[19:39:58] [Client thread/WARN]: Unable to play unknown soundEvent: minecraft:random.door_close
[19:39:58] [Client thread/WARN]: Unable to play unknown soundEvent: minecraft:step.stone
[19:39:59] [Client thread/WARN]: Unable to play unknown soundEvent: minecraft:mob.villager.idle
[19:39:59] [Client thread/WARN]: Unable to play unknown soundEvent: minecraft:step.stone
[19:39:59] [Client thread/WARN]: Unable to play unknown soundEvent: minecraft:mob.slime.big
[19:39:59] [Client thread/WARN]: Unable to play unknown soundEvent: minecraft:step.stone
[19:39:59] [Client thread/WARN]: Unable to play unknown soundEvent: minecraft:mob.villager.idle
[19:39:59] [Client thread/WARN]: Unable to play unknown soundEvent: minecraft:step.stone
[19:40:00] [Client thread/WARN]: Unable to play unknown soundEvent: minecraft:mob.slime.big
[19:40:00] [Client thread/WARN]: Unable to play unknown soundEvent: minecraft:mob.villager.idle
[19:40:00] [Client thread/WARN]: Unable to play unknown soundEvent: minecraft:random.door_close
[19:40:00] [Client thread/WARN]: Unable to play unknown soundEvent: minecraft:step.stone
[19:40:01] [Client thread/WARN]: Unable to play unknown soundEvent: minecraft:mob.villager.idle
[19:40:01] [Client thread/WARN]: Unable to play unknown soundEvent: minecraft:random.door_close
[19:40:01] [Client thread/WARN]: Unable to play unknown soundEvent: minecraft:mob.villager.idle
[19:40:01] [Client thread/WARN]: Unable to play unknown soundEvent: minecraft:mob.slime.big
[19:40:01] [Client thread/WARN]: Unable to play unknown soundEvent: minecraft:step.stone
[19:40:01] [Client thread/WARN]: Unable to play unknown soundEvent: minecraft:mob.slime.big
[19:40:02] [Client thread/WARN]: Unable to play unknown soundEvent: minecraft:step.gravel
[19:40:02] [Client thread/WARN]: Unable to play unknown soundEvent: minecraft:random.door_open
[19:40:02] [Client thread/WARN]: Unable to play unknown soundEvent: minecraft:step.gravel
[19:40:03] [Client thread/WARN]: Unable to play unknown soundEvent: minecraft:mob.villager.idle
[19:40:03] [Client thread/WARN]: Unable to play unknown soundEvent: minecraft:mob.villager.idle
[19:40:03] [Client thread/WARN]: Unable to play unknown soundEvent: minecraft:random.door_close
[19:40:04] [Client thread/WARN]: Unable to play unknown soundEvent: minecraft:random.door_open
[19:40:04] [Client thread/WARN]: Unable to play unknown soundEvent: minecraft:step.gravel
[19:40:05] [Client thread/WARN]: Unable to play unknown soundEvent: minecraft:random.door_open
[19:40:05] [Client thread/WARN]: Unable to play unknown soundEvent: minecraft:mob.villager.idle
[19:40:06] [Client thread/WARN]: Unable to play unknown soundEvent: minecraft:mob.villager.idle
[19:40:06] [Client thread/WARN]: Unable to play unknown soundEvent: minecraft:random.door_open
[19:40:06] [Client thread/WARN]: Unable to play unknown soundEvent: minecraft:dig.grass
[19:40:07] [Client thread/WARN]: Unable to play unknown soundEvent: minecraft:random.door_close
[19:40:08] [Client thread/WARN]: Unable to play unknown soundEvent: minecraft:random.door_open
[19:40:08] [Client thread/WARN]: Unable to play unknown soundEvent: minecraft:step.gravel
[19:40:09] [Client thread/WARN]: Unable to play unknown soundEvent: minecraft:step.gravel
[19:40:09] [Client thread/WARN]: Unable to play unknown soundEvent: minecraft:mob.villager.idle
[19:40:09] [Client thread/WARN]: Unable to play unknown soundEvent: minecraft:mob.villager.idle
[19:40:09] [Client thread/WARN]: Unable to play unknown soundEvent: minecraft:step.gravel
[19:40:09] [Client thread/WARN]: Unable to play unknown soundEvent: minecraft:mob.villager.idle
[19:40:10] [Client thread/WARN]: Unable to play unknown soundEvent: minecraft:step.gravel
[19:40:10] [Client thread/WARN]: Unable to play unknown soundEvent: minecraft:mob.slime.big
[19:40:10] [Client thread/WARN]: Unable to play unknown soundEvent: minecraft:random.door_open
[19:40:10] [Client thread/WARN]: Unable to play unknown soundEvent: minecraft:step.grass
[19:40:10] [Client thread/WARN]: Unable to play unknown soundEvent: minecraft:mob.slime.big
[19:40:10] [Client thread/WARN]: Unable to play unknown soundEvent: minecraft:step.grass
[19:40:11] [Client thread/WARN]: Unable to play unknown soundEvent: minecraft:step.grass
[19:40:11] [Client thread/WARN]: Unable to play unknown soundEvent: minecraft:random.door_open
[19:40:11] [Client thread/WARN]: Unable to play unknown soundEvent: minecraft:mob.slime.big
[19:40:11] [Client thread/WARN]: Unable to play unknown soundEvent: minecraft:mob.slime.big
[19:40:11] [Client thread/WARN]: Unable to play unknown soundEvent: minecraft:mob.slime.small
[19:40:12] [Client thread/WARN]: Unable to play unknown soundEvent: minecraft:mob.slime.big
[19:40:12] [Client thread/WARN]: Unable to play unknown soundEvent: minecraft:step.grass
[19:40:12] [Client thread/WARN]: Unable to play unknown soundEvent: minecraft:step.grass
[19:40:12] [Client thread/WARN]: Unable to play unknown soundEvent: minecraft:mob.slime.big
[19:40:12] [Client thread/WARN]: Unable to play unknown soundEvent: minecraft:mob.slime.big
[19:40:12] [Client thread/WARN]: Unable to play unknown soundEvent: minecraft:random.door_open
[19:40:12] [Client thread/WARN]: Unable to play unknown soundEvent: minecraft:mob.slime.big
[19:40:13] [Client thread/WARN]: Unable to play unknown soundEvent: minecraft:random.door_close
[19:40:13] [Client thread/WARN]: Unable to play unknown soundEvent: minecraft:mob.slime.small
[19:40:13] [Client thread/WARN]: Unable to play unknown soundEvent: minecraft:step.grass
[19:40:13] [Client thread/WARN]: Unable to play unknown soundEvent: minecraft:mob.slime.big
[19:40:13] [Client thread/WARN]: Unable to play unknown soundEvent: minecraft:mob.slime.big
[19:40:13] [Client thread/WARN]: Unable to play unknown soundEvent: minecraft:mob.slime.big
[19:40:13] [Client thread/WARN]: Unable to play unknown soundEvent: minecraft:step.grass
[19:40:14] [Client thread/WARN]: Unable to play unknown soundEvent: minecraft:random.door_close
[19:40:14] [Client thread/WARN]: Unable to play unknown soundEvent: minecraft:step.grass
[19:40:14] [Client thread/WARN]: Unable to play unknown soundEvent: minecraft:mob.slime.big
[19:40:14] [Client thread/WARN]: Unable to play unknown soundEvent: minecraft:random.door_open
[19:40:14] [Client thread/WARN]: Unable to play unknown soundEvent: minecraft:mob.slime.big
[19:40:14] [Client thread/WARN]: Unable to play unknown soundEvent: minecraft:random.door_close
[19:40:14] [Client thread/WARN]: Unable to play unknown soundEvent: minecraft:random.door_close
[19:40:14] [Client thread/WARN]: Unable to play unknown soundEvent: minecraft:mob.slime.big
[19:40:14] [Client thread/WARN]: Unable to play unknown soundEvent: minecraft:mob.slime.small
[19:40:14] [Client thread/WARN]: Unable to play unknown soundEvent: minecraft:step.grass
[19:40:14] [Client thread/WARN]: Unable to play unknown soundEvent: minecraft:mob.slime.big
[19:40:14] [Client thread/WARN]: Unable to play unknown soundEvent: minecraft:step.grass
[19:40:15] [Server thread/INFO]: Saving and pausing game...
[19:40:15] [Server thread/INFO]: Saving chunks for level 'New World'/Overworld
[19:40:15] [Server thread/INFO]: Saving chunks for level 'New World'/Nether
[19:40:15] [Server thread/INFO]: Saving chunks for level 'New World'/The End
[19:40:15] [Client thread/WARN]: Unable to play unknown soundEvent: minecraft:gui.button.press
[19:40:15] [Server thread/INFO]: Stopping server
[19:40:15] [Server thread/INFO]: Saving players
[19:40:15] [Server thread/INFO]: Saving worlds
[19:40:15] [Server thread/INFO]: Saving chunks for level 'New World'/Overworld
[19:40:15] [Server thread/INFO]: Saving chunks for level 'New World'/Nether
[19:40:15] [Server thread/INFO]: Saving chunks for level 'New World'/The End
[19:40:23] [Client thread/INFO]: Stopping!
